<?xml version="1.0" encoding="UTF-8"?>
<!-- Generated by org.testng.reporters.JUnitXMLReporter -->
<testsuite ignored="0" hostname="MukeshQAs-MacBook-Air.local" failures="1" tests="1" name="Test" time="69.39" errors="0" timestamp="2024-03-04T12:08:02 IST">
  <testcase classname="tests.Create_Watchlist" name="WatclistCRUD" time="34.967">
    <failure type="org.openqa.selenium.NoSuchElementException" message="An element could not be located on the page using the given search parameters.
For documentation on this error, please visit: https://www.seleniumhq.org/exceptions/no_such_element.html
Build info: version: &amp;apos;3.141.59&amp;apos;, revision: &amp;apos;e82be7d358&amp;apos;, time: &amp;apos;2018-11-14T08:17:03&amp;apos;
System info: host: &amp;apos;MukeshQAs-MacBook-Air.local&amp;apos;, ip: &amp;apos;fe80:0:0:0:3d:caaf:3a69:3ad5%en0&amp;apos;, os.name: &amp;apos;Mac OS X&amp;apos;, os.arch: &amp;apos;x86_64&amp;apos;, os.version: &amp;apos;14.1.1&amp;apos;, java.version: &amp;apos;17.0.8&amp;apos;
Driver info: io.appium.java_client.android.AndroidDriver
Capabilities {app: /Users/mukeshqa/Downloads/a..., appPackage: com.wave.astha, automationName: UiAutomator2, databaseEnabled: false, desired: {app: /Users/mukeshqa/Downloads/a..., automationName: UiAutomator2, deviceName: Pixel 5 API 34, platformName: android, platformVersion: 14.0}, deviceApiLevel: 34, deviceManufacturer: Google, deviceModel: sdk_gphone64_arm64, deviceName: emulator-5554, deviceScreenDensity: 440, deviceScreenSize: 1080x2340, deviceUDID: emulator-5554, javascriptEnabled: true, locationContextEnabled: false, networkConnectionEnabled: true, pixelRatio: 2.75, platform: LINUX, platformName: Android, platformVersion: 14, statBarHeight: 145, takesScreenshot: true, viewportRect: {height: 1993, left: 0, top: 145, width: 1080}, warnings: {}, webStorageEnabled: false}
Session ID: b54d36db-bf8f-4c1d-ba48-6f6b0886450a
*** Element info: {Using=xpath, value=//android.view.View[@index=&amp;apos;2&amp;apos; and @content-desc=&amp;apos;Test Watchlist
Tab 3 of 4&amp;apos;]}">
      <![CDATA[org.openqa.selenium.NoSuchElementException: An element could not be located on the page using the given search parameters.
For documentation on this error, please visit: https://www.seleniumhq.org/exceptions/no_such_element.html
Build info: version: '3.141.59', revision: 'e82be7d358', time: '2018-11-14T08:17:03'
System info: host: 'MukeshQAs-MacBook-Air.local', ip: 'fe80:0:0:0:3d:caaf:3a69:3ad5%en0', os.name: 'Mac OS X', os.arch: 'x86_64', os.version: '14.1.1', java.version: '17.0.8'
Driver info: io.appium.java_client.android.AndroidDriver
Capabilities {app: /Users/mukeshqa/Downloads/a..., appPackage: com.wave.astha, automationName: UiAutomator2, databaseEnabled: false, desired: {app: /Users/mukeshqa/Downloads/a..., automationName: UiAutomator2, deviceName: Pixel 5 API 34, platformName: android, platformVersion: 14.0}, deviceApiLevel: 34, deviceManufacturer: Google, deviceModel: sdk_gphone64_arm64, deviceName: emulator-5554, deviceScreenDensity: 440, deviceScreenSize: 1080x2340, deviceUDID: emulator-5554, javascriptEnabled: true, locationContextEnabled: false, networkConnectionEnabled: true, pixelRatio: 2.75, platform: LINUX, platformName: Android, platformVersion: 14, statBarHeight: 145, takesScreenshot: true, viewportRect: {height: 1993, left: 0, top: 145, width: 1080}, warnings: {}, webStorageEnabled: false}
Session ID: b54d36db-bf8f-4c1d-ba48-6f6b0886450a
*** Element info: {Using=xpath, value=//android.view.View[@index='2' and @content-desc='Test Watchlist
Tab 3 of 4']}
at org.openqa.selenium.remote.http.W3CHttpResponseCodec.createException(W3CHttpResponseCodec.java:187)
at org.openqa.selenium.remote.http.W3CHttpResponseCodec.decode(W3CHttpResponseCodec.java:122)
at org.openqa.selenium.remote.http.W3CHttpResponseCodec.decode(W3CHttpResponseCodec.java:49)
at org.openqa.selenium.remote.HttpCommandExecutor.execute(HttpCommandExecutor.java:158)
at io.appium.java_client.remote.AppiumCommandExecutor.execute(AppiumCommandExecutor.java:247)
at org.openqa.selenium.remote.RemoteWebDriver.execute(RemoteWebDriver.java:552)
at io.appium.java_client.DefaultGenericMobileDriver.execute(DefaultGenericMobileDriver.java:41)
at io.appium.java_client.AppiumDriver.execute(AppiumDriver.java:1)
at io.appium.java_client.android.AndroidDriver.execute(AndroidDriver.java:1)
at org.openqa.selenium.remote.RemoteWebDriver.findElement(RemoteWebDriver.java:323)
at io.appium.java_client.DefaultGenericMobileDriver.findElement(DefaultGenericMobileDriver.java:61)
at io.appium.java_client.AppiumDriver.findElement(AppiumDriver.java:1)
at io.appium.java_client.android.AndroidDriver.findElement(AndroidDriver.java:1)
at org.openqa.selenium.remote.RemoteWebDriver.findElementByXPath(RemoteWebDriver.java:428)
at io.appium.java_client.DefaultGenericMobileDriver.findElementByXPath(DefaultGenericMobileDriver.java:151)
at io.appium.java_client.AppiumDriver.findElementByXPath(AppiumDriver.java:1)
at io.appium.java_client.android.AndroidDriver.findElementByXPath(AndroidDriver.java:1)
at tests.Create_Watchlist.WatclistCRUD(Create_Watchlist.java:30)
at java.base/java.util.ArrayList.forEach(ArrayList.java:1511)
... Removed 32 stack frames]]>
    </failure>
  </testcase> <!-- WatclistCRUD -->
</testsuite> <!-- Test -->
